#
# A fatal error has been detected by the Java Runtime Environment:
#
#  Internal Error (classFileParser.cpp:3494), pid=2672, tid=5740
#  Error: ShouldNotReachHere()
#
# JRE version: 6.0_32-b05
# Java VM: Java HotSpot(TM) 64-Bit Server VM (20.7-b02 mixed mode windows-amd64 compressed oops)
# If you would like to submit a bug report, please visit:
#   http://java.sun.com/webapps/bugreport/crash.jsp
#

---------------  T H R E A D  ---------------

Current thread (0x000000000033b800):  JavaThread "Unknown thread" [_thread_in_vm, id=5740, stack(0x0000000002550000,0x0000000002650000)]

Stack: [0x0000000002550000,0x0000000002650000]
[error occurred during error reporting (printing stack bounds), id 0xc0000005]


---------------  P R O C E S S  ---------------

Java Threads: ( => current thread )

Other Threads:

=>0x000000000033b800 (exited) JavaThread "Unknown thread" [_thread_in_vm, id=5740, stack(0x0000000002550000,0x0000000002650000)]

VM state:not at safepoint (not fully initialized)

VM Mutex/Monitor currently owned by a thread: None

Dynamic libraries:
0x0000000000400000 - 0x000000000042f000 	C:\Program Files\Java\jre6\bin\javaw.exe
0x0000000077bf0000 - 0x0000000077d99000 	C:\Windows\SYSTEM32\ntdll.dll
0x0000000077510000 - 0x000000007762f000 	C:\Windows\system32\kernel32.dll
0x000007fefe140000 - 0x000007fefe1ac000 	C:\Windows\system32\KERNELBASE.dll
0x000007fefe790000 - 0x000007fefe86b000 	C:\Windows\system32\ADVAPI32.dll
0x000007fefe5a0000 - 0x000007fefe63f000 	C:\Windows\system32\msvcrt.dll
0x000007fefe640000 - 0x000007fefe65f000 	C:\Windows\SYSTEM32\sechost.dll
0x000007fefe660000 - 0x000007fefe78d000 	C:\Windows\system32\RPCRT4.dll
0x0000000077af0000 - 0x0000000077bea000 	C:\Windows\system32\USER32.dll
0x000007fefea90000 - 0x000007fefeaf7000 	C:\Windows\system32\GDI32.dll
0x000007fefe870000 - 0x000007fefe87e000 	C:\Windows\system32\LPK.dll
0x000007fefe4d0000 - 0x000007fefe599000 	C:\Windows\system32\USP10.dll
0x000007feffb90000 - 0x000007feffbbe000 	C:\Windows\system32\IMM32.DLL
0x000007feffd10000 - 0x000007feffe19000 	C:\Windows\system32\MSCTF.dll
0x000000006d800000 - 0x000000006dfb8000 	C:\Program Files\Java\jre6\bin\server\jvm.dll
0x000007fefbf70000 - 0x000007fefbfab000 	C:\Windows\system32\WINMM.dll
0x000000006d770000 - 0x000000006d77e000 	C:\Program Files\Java\jre6\bin\verify.dll
0x000000006d3b0000 - 0x000000006d3d7000 	C:\Program Files\Java\jre6\bin\java.dll
0x000000006d7c0000 - 0x000000006d7d2000 	C:\Program Files\Java\jre6\bin\zip.dll
0x0000000077db0000 - 0x0000000077db7000 	C:\Windows\system32\PSAPI.DLL

VM Arguments:
jvm_args: -Dfile.encoding=UTF-8 -Xbootclasspath:E:\Program Files\Android\android-sdk\platforms\android-10\android.jar;E:\Program Files\Android\android-sdk\add-ons\addon-google_apis-google-10\libs\usb.jar;E:\Program Files\Android\android-sdk\add-ons\addon-google_apis-google-10\libs\maps.jar 
java_command: tk.sweetvvck.activities.DetailInfo
Launcher Type: SUN_STANDARD

Environment Variables:
JAVA_HOME=C:\Program Files\Java\jdk1.6.0_32
CLASSPATH=JAVA_HOME\lib;JAVA_HOME\jre\lib
PATH=E:\DataBase\product\11.2.0\dbhome_1\bin;C:\Program Files (x86)\AMD APP\bin\x86_64;C:\Program Files (x86)\AMD APP\bin\x86;C:\Windows\system32;C:\Windows;C:\Windows\System32\Wbem;C:\Windows\System32\WindowsPowerShell\v1.0\;D:\Program Files\ATI Technologies\ATI.ACE\Core-Static;JAVA_HOME\bin;0X0.000000P-1022NDROID_HOME\tools;E:\Program Files\Android\android-sdk\platform-tools;C:\Program Files\Java\jdk1.6.0_32\bin;C:\Program Files\Microsoft SQL Server\110\DTS\Binn\;C:\Program Files (x86)\Microsoft SQL Server\110\Tools\Binn\;C:\Program Files\Microsoft SQL Server\110\Tools\Binn\;C:\Program Files (x86)\Microsoft SQL Server\110\Tools\Binn\ManagementStudio\;C:\Program Files (x86)\Microsoft Visual Studio 10.0\Common7\IDE\PrivateAssemblies\;C:\Program Files (x86)\Microsoft SQL Server\110\DTS\Binn\;E:\Program Files\tomcat-7.0.27\apache-tomcat-7.0.27\bin;E:\Program Files\MinGW\bin;E:\Program Files\MySql\mysql-5.5.25-winx64\bin\bin;E:\Program Files\SVN\bin
USERNAME=sweetvvck
OS=Windows_NT
PROCESSOR_IDENTIFIER=Intel64 Family 6 Model 30 Stepping 5, GenuineIntel



---------------  S Y S T E M  ---------------

OS: Windows 7 , 64 bit Build 7601 Service Pack 1

CPU:total 8 (4 cores per cpu, 2 threads per core) family 6 model 30 stepping 5, cmov, cx8, fxsr, mmx, sse, sse2, sse3, ssse3, sse4.1, sse4.2, popcnt, ht

Memory: 4k page, physical 6215212k(2160392k free), swap 12428572k(7208796k free)

vm_info: Java HotSpot(TM) 64-Bit Server VM (20.7-b02) for windows-amd64 JRE (1.6.0_32-b05), built on Apr  5 2012 13:39:03 by "java_re" with MS VC++ 8.0 (VS2005)

time: Sat Aug 11 20:33:26 2012
elapsed time: 0 seconds

